[2024-08-08T05:12:27.921+0000] {local_task_job_runner.py:120} INFO - ::group::Pre task execution logs
[2024-08-08T05:12:28.089+0000] {taskinstance.py:2073} INFO - Dependencies all met for dep_context=non-requeueable deps ti=<TaskInstance: update_coupang.update_coupang scheduled__2024-08-08T00:00:00+00:00 [queued]>
[2024-08-08T05:12:28.095+0000] {taskinstance.py:2073} INFO - Dependencies all met for dep_context=requeueable deps ti=<TaskInstance: update_coupang.update_coupang scheduled__2024-08-08T00:00:00+00:00 [queued]>
[2024-08-08T05:12:28.095+0000] {taskinstance.py:2303} INFO - Starting attempt 8 of 8
[2024-08-08T05:12:28.105+0000] {taskinstance.py:2327} INFO - Executing <Task(PythonOperator): update_coupang> on 2024-08-08 00:00:00+00:00
[2024-08-08T05:12:28.113+0000] {standard_task_runner.py:63} INFO - Started process 2491 to run task
[2024-08-08T05:12:28.118+0000] {standard_task_runner.py:90} INFO - Running: ['***', 'tasks', 'run', 'update_coupang', 'update_coupang', 'scheduled__2024-08-08T00:00:00+00:00', '--job-id', '55', '--raw', '--subdir', 'DAGS_FOLDER/coupang_batch.py', '--cfg-path', '/tmp/tmp4tsq7fme']
[2024-08-08T05:12:28.120+0000] {standard_task_runner.py:91} INFO - Job 55: Subtask update_coupang
[2024-08-08T05:12:28.161+0000] {task_command.py:426} INFO - Running <TaskInstance: update_coupang.update_coupang scheduled__2024-08-08T00:00:00+00:00 [running]> on host af5f4ca33584
[2024-08-08T05:12:28.229+0000] {taskinstance.py:2644} INFO - Exporting env vars: AIRFLOW_CTX_DAG_OWNER='zzioni' AIRFLOW_CTX_DAG_ID='update_coupang' AIRFLOW_CTX_TASK_ID='update_coupang' AIRFLOW_CTX_EXECUTION_DATE='2024-08-08T00:00:00+00:00' AIRFLOW_CTX_TRY_NUMBER='8' AIRFLOW_CTX_DAG_RUN_ID='scheduled__2024-08-08T00:00:00+00:00'
[2024-08-08T05:12:28.230+0000] {taskinstance.py:430} INFO - ::endgroup::
[2024-08-08T05:12:29.479+0000] {logging_mixin.py:188} WARNING -   0%|          | 0/370 [00:00<?, ?it/s]
[2024-08-08T05:12:29.482+0000] {logging_mixin.py:188} WARNING - 100%|##########| 370/370 [00:00<00:00, 177460.55it/s]
[2024-08-08T05:12:29.503+0000] {taskinstance.py:441} INFO - ::group::Post task execution logs
[2024-08-08T05:12:29.504+0000] {taskinstance.py:2890} ERROR - Task failed with exception
Traceback (most recent call last):
  File "/home/airflow/.local/lib/python3.10/site-packages/airflow/models/taskinstance.py", line 465, in _execute_task
    result = _execute_callable(context=context, **execute_callable_kwargs)
  File "/home/airflow/.local/lib/python3.10/site-packages/airflow/models/taskinstance.py", line 432, in _execute_callable
    return execute_callable(context=context, **execute_callable_kwargs)
  File "/home/airflow/.local/lib/python3.10/site-packages/airflow/models/baseoperator.py", line 400, in wrapper
    return func(self, *args, **kwargs)
  File "/home/airflow/.local/lib/python3.10/site-packages/airflow/operators/python.py", line 235, in execute
    return_value = self.execute_callable()
  File "/home/airflow/.local/lib/python3.10/site-packages/airflow/operators/python.py", line 252, in execute_callable
    return self.python_callable(*self.op_args, **self.op_kwargs)
  File "/opt/airflow/dags/coupang_batch.py", line 257, in coupang_info_manual
    c_origin_price = np.array(clear_result['origin_price'].fillna(9999999), dtype = int)
NameError: name 'np' is not defined
[2024-08-08T05:12:29.518+0000] {taskinstance.py:1205} INFO - Marking task as FAILED. dag_id=update_coupang, task_id=update_coupang, execution_date=20240808T000000, start_date=20240808T051228, end_date=20240808T051229
[2024-08-08T05:12:29.539+0000] {standard_task_runner.py:110} ERROR - Failed to execute job 55 for task update_coupang (name 'np' is not defined; 2491)
[2024-08-08T05:12:29.570+0000] {local_task_job_runner.py:240} INFO - Task exited with return code 1
[2024-08-08T05:12:29.630+0000] {taskinstance.py:3482} INFO - 0 downstream tasks scheduled from follow-on schedule check
[2024-08-08T05:12:29.632+0000] {local_task_job_runner.py:222} INFO - ::endgroup::
