[2024-08-08T07:43:36.717+0000] {local_task_job_runner.py:120} INFO - ::group::Pre task execution logs
[2024-08-08T07:43:36.735+0000] {taskinstance.py:2073} INFO - Dependencies all met for dep_context=non-requeueable deps ti=<TaskInstance: update_11str.update_11str scheduled__2024-08-08T00:00:00+00:00 [queued]>
[2024-08-08T07:43:36.741+0000] {taskinstance.py:2073} INFO - Dependencies all met for dep_context=requeueable deps ti=<TaskInstance: update_11str.update_11str scheduled__2024-08-08T00:00:00+00:00 [queued]>
[2024-08-08T07:43:36.742+0000] {taskinstance.py:2303} INFO - Starting attempt 9 of 9
[2024-08-08T07:43:36.752+0000] {taskinstance.py:2327} INFO - Executing <Task(PythonOperator): update_11str> on 2024-08-08 00:00:00+00:00
[2024-08-08T07:43:36.759+0000] {standard_task_runner.py:63} INFO - Started process 110 to run task
[2024-08-08T07:43:36.762+0000] {standard_task_runner.py:90} INFO - Running: ['***', 'tasks', 'run', 'update_11str', 'update_11str', 'scheduled__2024-08-08T00:00:00+00:00', '--job-id', '80', '--raw', '--subdir', 'DAGS_FOLDER/str11_batch.py', '--cfg-path', '/tmp/tmp1kow3vwz']
[2024-08-08T07:43:36.765+0000] {standard_task_runner.py:91} INFO - Job 80: Subtask update_11str
[2024-08-08T07:43:36.804+0000] {task_command.py:426} INFO - Running <TaskInstance: update_11str.update_11str scheduled__2024-08-08T00:00:00+00:00 [running]> on host 24ad8421275b
[2024-08-08T07:43:36.870+0000] {taskinstance.py:2644} INFO - Exporting env vars: AIRFLOW_CTX_DAG_OWNER='zzioni' AIRFLOW_CTX_DAG_ID='update_11str' AIRFLOW_CTX_TASK_ID='update_11str' AIRFLOW_CTX_EXECUTION_DATE='2024-08-08T00:00:00+00:00' AIRFLOW_CTX_TRY_NUMBER='9' AIRFLOW_CTX_DAG_RUN_ID='scheduled__2024-08-08T00:00:00+00:00'
[2024-08-08T07:43:36.871+0000] {taskinstance.py:430} INFO - ::endgroup::
[2024-08-08T07:43:48.052+0000] {taskinstance.py:441} INFO - ::group::Post task execution logs
[2024-08-08T07:43:48.052+0000] {taskinstance.py:2890} ERROR - Task failed with exception
Traceback (most recent call last):
  File "/home/airflow/.local/lib/python3.10/site-packages/airflow/models/taskinstance.py", line 465, in _execute_task
    result = _execute_callable(context=context, **execute_callable_kwargs)
  File "/home/airflow/.local/lib/python3.10/site-packages/airflow/models/taskinstance.py", line 432, in _execute_callable
    return execute_callable(context=context, **execute_callable_kwargs)
  File "/home/airflow/.local/lib/python3.10/site-packages/airflow/models/baseoperator.py", line 400, in wrapper
    return func(self, *args, **kwargs)
  File "/home/airflow/.local/lib/python3.10/site-packages/airflow/operators/python.py", line 235, in execute
    return_value = self.execute_callable()
  File "/home/airflow/.local/lib/python3.10/site-packages/airflow/operators/python.py", line 252, in execute_callable
    return self.python_callable(*self.op_args, **self.op_kwargs)
  File "/opt/airflow/dags/str11_batch.py", line 28, in update_11str
    price, prices_id, deleted = extract_price_11str()
  File "/opt/airflow/dags/utils/crawl_11str.py", line 103, in extract_price_11str
    driver = webdriver.Chrome(options=chrome_options)
  File "/home/airflow/.local/lib/python3.10/site-packages/selenium/webdriver/chrome/webdriver.py", line 45, in __init__
    super().__init__(
  File "/home/airflow/.local/lib/python3.10/site-packages/selenium/webdriver/chromium/webdriver.py", line 50, in __init__
    self.service.start()
  File "/home/airflow/.local/lib/python3.10/site-packages/selenium/webdriver/common/service.py", line 102, in start
    self.assert_process_still_running()
  File "/home/airflow/.local/lib/python3.10/site-packages/selenium/webdriver/common/service.py", line 115, in assert_process_still_running
    raise WebDriverException(f"Service {self._path} unexpectedly exited. Status code was: {return_code}")
selenium.common.exceptions.WebDriverException: Message: Service /home/airflow/.cache/selenium/chromedriver/linux64/127.0.6533.99/chromedriver unexpectedly exited. Status code was: 127

[2024-08-08T07:43:48.064+0000] {taskinstance.py:1205} INFO - Marking task as FAILED. dag_id=update_11str, task_id=update_11str, execution_date=20240808T000000, start_date=20240808T074336, end_date=20240808T074348
[2024-08-08T07:43:48.087+0000] {standard_task_runner.py:110} ERROR - Failed to execute job 80 for task update_11str (Message: Service /home/airflow/.cache/selenium/chromedriver/linux64/127.0.6533.99/chromedriver unexpectedly exited. Status code was: 127
; 110)
[2024-08-08T07:43:48.127+0000] {local_task_job_runner.py:240} INFO - Task exited with return code 1
[2024-08-08T07:43:48.171+0000] {taskinstance.py:3482} INFO - 0 downstream tasks scheduled from follow-on schedule check
[2024-08-08T07:43:48.177+0000] {local_task_job_runner.py:222} INFO - ::endgroup::
