[2024-08-12T00:00:01.793+0000] {local_task_job_runner.py:120} INFO - ::group::Pre task execution logs
[2024-08-12T00:00:01.968+0000] {taskinstance.py:2073} INFO - Dependencies all met for dep_context=non-requeueable deps ti=<TaskInstance: update_coupang.update_coupang scheduled__2024-08-11T20:00:00+00:00 [queued]>
[2024-08-12T00:00:01.974+0000] {taskinstance.py:2073} INFO - Dependencies all met for dep_context=requeueable deps ti=<TaskInstance: update_coupang.update_coupang scheduled__2024-08-11T20:00:00+00:00 [queued]>
[2024-08-12T00:00:01.975+0000] {taskinstance.py:2303} INFO - Starting attempt 1 of 1
[2024-08-12T00:00:01.985+0000] {taskinstance.py:2327} INFO - Executing <Task(PythonOperator): update_coupang> on 2024-08-11 20:00:00+00:00
[2024-08-12T00:00:01.994+0000] {standard_task_runner.py:63} INFO - Started process 175687 to run task
[2024-08-12T00:00:01.998+0000] {standard_task_runner.py:90} INFO - Running: ['***', 'tasks', 'run', 'update_coupang', 'update_coupang', 'scheduled__2024-08-11T20:00:00+00:00', '--job-id', '157', '--raw', '--subdir', 'DAGS_FOLDER/coupang_batch.py', '--cfg-path', '/tmp/tmptyb2zf3j']
[2024-08-12T00:00:02.001+0000] {standard_task_runner.py:91} INFO - Job 157: Subtask update_coupang
[2024-08-12T00:00:02.041+0000] {task_command.py:426} INFO - Running <TaskInstance: update_coupang.update_coupang scheduled__2024-08-11T20:00:00+00:00 [running]> on host bcc9fe6b3d78
[2024-08-12T00:00:02.117+0000] {taskinstance.py:2644} INFO - Exporting env vars: AIRFLOW_CTX_DAG_OWNER='zzioni' AIRFLOW_CTX_DAG_ID='update_coupang' AIRFLOW_CTX_TASK_ID='update_coupang' AIRFLOW_CTX_EXECUTION_DATE='2024-08-11T20:00:00+00:00' AIRFLOW_CTX_TRY_NUMBER='1' AIRFLOW_CTX_DAG_RUN_ID='scheduled__2024-08-11T20:00:00+00:00'
[2024-08-12T00:00:02.118+0000] {taskinstance.py:430} INFO - ::endgroup::
[2024-08-12T00:00:04.169+0000] {logging_mixin.py:188} WARNING -   0%|          | 0/354 [00:00<?, ?it/s]
[2024-08-12T00:00:04.171+0000] {logging_mixin.py:188} WARNING - 100%|##########| 354/354 [00:00<00:00, 438118.51it/s]
[2024-08-12T00:00:04.185+0000] {taskinstance.py:441} INFO - ::group::Post task execution logs
[2024-08-12T00:00:04.186+0000] {taskinstance.py:2890} ERROR - Task failed with exception
Traceback (most recent call last):
  File "/home/airflow/.local/lib/python3.10/site-packages/airflow/models/taskinstance.py", line 465, in _execute_task
    result = _execute_callable(context=context, **execute_callable_kwargs)
  File "/home/airflow/.local/lib/python3.10/site-packages/airflow/models/taskinstance.py", line 432, in _execute_callable
    return execute_callable(context=context, **execute_callable_kwargs)
  File "/home/airflow/.local/lib/python3.10/site-packages/airflow/models/baseoperator.py", line 400, in wrapper
    return func(self, *args, **kwargs)
  File "/home/airflow/.local/lib/python3.10/site-packages/airflow/operators/python.py", line 235, in execute
    return_value = self.execute_callable()
  File "/home/airflow/.local/lib/python3.10/site-packages/airflow/operators/python.py", line 252, in execute_callable
    return self.python_callable(*self.op_args, **self.op_kwargs)
  File "/opt/airflow/dags/coupang_batch.py", line 307, in coupang_info_manual
    final_result["final_price"] = final_result.apply(lambda x : get_final_price(x.n_user_price, x.y_user_price), axis = 1)
  File "/home/airflow/.local/lib/python3.10/site-packages/pandas/core/frame.py", line 4301, in __setitem__
    self._set_item_frame_value(key, value)
  File "/home/airflow/.local/lib/python3.10/site-packages/pandas/core/frame.py", line 4459, in _set_item_frame_value
    raise ValueError(
ValueError: Cannot set a DataFrame with multiple columns to the single column final_price
[2024-08-12T00:00:04.198+0000] {taskinstance.py:1205} INFO - Marking task as FAILED. dag_id=update_coupang, task_id=update_coupang, execution_date=20240811T200000, start_date=20240812T000001, end_date=20240812T000004
[2024-08-12T00:00:04.211+0000] {standard_task_runner.py:110} ERROR - Failed to execute job 157 for task update_coupang (Cannot set a DataFrame with multiple columns to the single column final_price; 175687)
[2024-08-12T00:00:04.257+0000] {local_task_job_runner.py:240} INFO - Task exited with return code 1
[2024-08-12T00:00:04.285+0000] {taskinstance.py:3482} INFO - 0 downstream tasks scheduled from follow-on schedule check
[2024-08-12T00:00:04.289+0000] {local_task_job_runner.py:222} INFO - ::endgroup::
